[ 2024-10-28 16:00:36,397 ] 1038 httpx - INFO - HTTP Request: GET https://dagshub.com/api/v1/user "HTTP/1.1 200 OK"
[ 2024-10-28 16:00:36,406 ] 107 dagshub - INFO - Accessing as Tafique-Hossain-khan
[ 2024-10-28 16:00:36,911 ] 1038 httpx - INFO - HTTP Request: GET https://dagshub.com/api/v1/repos/Tafique-Hossain-khan/Food-Delivery-Time-Prediction "HTTP/1.1 200 OK"
[ 2024-10-28 16:00:36,916 ] 107 dagshub - INFO - Initialized MLflow to track repo "Tafique-Hossain-khan/Food-Delivery-Time-Prediction"
[ 2024-10-28 16:00:36,918 ] 107 dagshub - INFO - Repository Tafique-Hossain-khan/Food-Delivery-Time-Prediction initialized!
[ 2024-10-28 16:00:37,553 ] 46 root - INFO - Start data Ingestion
[ 2024-10-28 16:00:38,344 ] 44 root - INFO - spliting the data into train and test
[ 2024-10-28 16:00:38,374 ] 48 root - INFO - (36474, 20)
[ 2024-10-28 16:00:38,374 ] 49 root - INFO - (9119, 20)
[ 2024-10-28 16:00:38,936 ] 57 root - INFO - Data spliting complited and saved to the respective location
[ 2024-10-28 16:00:38,943 ] 49 root - INFO - Data Ingestion completed and artifact: DataIngestionArtifact(raw_file_path='Data/ingested_data\\raw_data.csv', trained_file_path='Data/ingested_data\\train_data.csv', test_file_path='Data/ingested_data\\test_data.csv')
[ 2024-10-28 16:00:39,563 ] 67 root - INFO - Imputed missing values in column 'ID' using method: mode
[ 2024-10-28 16:00:39,572 ] 67 root - INFO - Imputed missing values in column 'Delivery_person_ID' using method: mode
[ 2024-10-28 16:00:39,580 ] 67 root - INFO - Imputed missing values in column 'Delivery_person_Age' using method: mode
[ 2024-10-28 16:00:39,590 ] 67 root - INFO - Imputed missing values in column 'Delivery_person_Ratings' using method: mode
[ 2024-10-28 16:00:39,598 ] 67 root - INFO - Imputed missing values in column 'Restaurant_latitude' using method: mode
[ 2024-10-28 16:00:39,601 ] 67 root - INFO - Imputed missing values in column 'Restaurant_longitude' using method: mode
[ 2024-10-28 16:00:39,608 ] 67 root - INFO - Imputed missing values in column 'Delivery_location_latitude' using method: mean
[ 2024-10-28 16:00:39,617 ] 67 root - INFO - Imputed missing values in column 'Delivery_location_longitude' using method: median
[ 2024-10-28 16:00:39,627 ] 67 root - INFO - Imputed missing values in column 'Order_Date' using method: mode
[ 2024-10-28 16:00:39,635 ] 67 root - INFO - Imputed missing values in column 'Time_Orderd' using method: mode
[ 2024-10-28 16:00:39,642 ] 67 root - INFO - Imputed missing values in column 'Time_Order_picked' using method: mode
[ 2024-10-28 16:00:39,649 ] 67 root - INFO - Imputed missing values in column 'Weatherconditions' using method: mode
[ 2024-10-28 16:00:39,658 ] 67 root - INFO - Imputed missing values in column 'Road_traffic_density' using method: mode
[ 2024-10-28 16:00:39,664 ] 67 root - INFO - Imputed missing values in column 'Vehicle_condition' using method: mode
[ 2024-10-28 16:00:39,674 ] 67 root - INFO - Imputed missing values in column 'Type_of_order' using method: mode
[ 2024-10-28 16:00:39,682 ] 67 root - INFO - Imputed missing values in column 'Type_of_vehicle' using method: mode
[ 2024-10-28 16:00:39,691 ] 67 root - INFO - Imputed missing values in column 'multiple_deliveries' using method: mode
[ 2024-10-28 16:00:39,700 ] 67 root - INFO - Imputed missing values in column 'Festival' using method: mode
[ 2024-10-28 16:00:39,709 ] 67 root - INFO - Imputed missing values in column 'City' using method: mode
[ 2024-10-28 16:00:39,716 ] 67 root - INFO - Imputed missing values in column 'Time_taken(min)' using method: mode
[ 2024-10-28 16:00:40,262 ] 98 root - INFO - Cleaned data saved to Artifacts\10_28_2024_16_00_31\cleaned_data\cleaned_data.csv
[ 2024-10-28 16:00:40,269 ] 98 root - INFO - Entered initiate_feature_extraction method of FeatureEngineering class
[ 2024-10-28 16:00:40,269 ] 101 root - INFO - Starting Feature Extraction
[ 2024-10-28 16:00:40,489 ] 38 root - INFO - Feature Extraction started
[ 2024-10-28 16:00:40,490 ] 39 root - INFO - <class 'pandas.core.frame.DataFrame'>
[ 2024-10-28 16:00:40,490 ] 42 root - INFO - Handeling missing values
[ 2024-10-28 16:00:40,603 ] 56 root - INFO - Values extracted sucessfully
[ 2024-10-28 16:00:40,603 ] 57 root - INFO - Data Tyepe coversition started
[ 2024-10-28 16:00:52,790 ] 60 root - INFO - Preprocessing object created successfully
[ 2024-10-28 16:00:53,097 ] 54 root - INFO - Entered the save_object method of MainUtils class
[ 2024-10-28 16:00:53,099 ] 58 root - INFO - Exited the save_object method of MainUtils class
[ 2024-10-28 16:00:53,099 ] 54 root - INFO - Entered the save_object method of MainUtils class
[ 2024-10-28 16:00:53,099 ] 58 root - INFO - Exited the save_object method of MainUtils class
