[ 2024-10-28 16:10:56,223 ] 1038 httpx - INFO - HTTP Request: GET https://dagshub.com/api/v1/user "HTTP/1.1 200 OK"
[ 2024-10-28 16:10:56,233 ] 107 dagshub - INFO - Accessing as Tafique-Hossain-khan
[ 2024-10-28 16:10:56,736 ] 1038 httpx - INFO - HTTP Request: GET https://dagshub.com/api/v1/repos/Tafique-Hossain-khan/Food-Delivery-Time-Prediction "HTTP/1.1 200 OK"
[ 2024-10-28 16:10:56,740 ] 107 dagshub - INFO - Initialized MLflow to track repo "Tafique-Hossain-khan/Food-Delivery-Time-Prediction"
[ 2024-10-28 16:10:56,742 ] 107 dagshub - INFO - Repository Tafique-Hossain-khan/Food-Delivery-Time-Prediction initialized!
[ 2024-10-28 16:10:56,923 ] 46 root - INFO - Start data Ingestion
[ 2024-10-28 16:10:57,476 ] 44 root - INFO - spliting the data into train and test
[ 2024-10-28 16:10:57,495 ] 48 root - INFO - (36474, 20)
[ 2024-10-28 16:10:57,495 ] 49 root - INFO - (9119, 20)
[ 2024-10-28 16:10:57,923 ] 57 root - INFO - Data spliting complited and saved to the respective location
[ 2024-10-28 16:10:57,929 ] 49 root - INFO - Data Ingestion completed and artifact: DataIngestionArtifact(raw_file_path='Data/ingested_data\\raw_data.csv', trained_file_path='Data/ingested_data\\train_data.csv', test_file_path='Data/ingested_data\\test_data.csv')
[ 2024-10-28 16:10:58,403 ] 67 root - INFO - Imputed missing values in column 'ID' using method: mode
[ 2024-10-28 16:10:58,411 ] 67 root - INFO - Imputed missing values in column 'Delivery_person_ID' using method: mode
[ 2024-10-28 16:10:58,417 ] 67 root - INFO - Imputed missing values in column 'Delivery_person_Age' using method: mode
[ 2024-10-28 16:10:58,425 ] 67 root - INFO - Imputed missing values in column 'Delivery_person_Ratings' using method: mode
[ 2024-10-28 16:10:58,430 ] 67 root - INFO - Imputed missing values in column 'Restaurant_latitude' using method: mode
[ 2024-10-28 16:10:58,432 ] 67 root - INFO - Imputed missing values in column 'Restaurant_longitude' using method: mode
[ 2024-10-28 16:10:58,436 ] 67 root - INFO - Imputed missing values in column 'Delivery_location_latitude' using method: mean
[ 2024-10-28 16:10:58,441 ] 67 root - INFO - Imputed missing values in column 'Delivery_location_longitude' using method: median
[ 2024-10-28 16:10:58,511 ] 67 root - INFO - Imputed missing values in column 'Order_Date' using method: mode
[ 2024-10-28 16:10:58,528 ] 67 root - INFO - Imputed missing values in column 'Time_Orderd' using method: mode
[ 2024-10-28 16:10:58,536 ] 67 root - INFO - Imputed missing values in column 'Time_Order_picked' using method: mode
[ 2024-10-28 16:10:58,541 ] 67 root - INFO - Imputed missing values in column 'Weatherconditions' using method: mode
[ 2024-10-28 16:10:58,546 ] 67 root - INFO - Imputed missing values in column 'Road_traffic_density' using method: mode
[ 2024-10-28 16:10:58,550 ] 67 root - INFO - Imputed missing values in column 'Vehicle_condition' using method: mode
[ 2024-10-28 16:10:58,557 ] 67 root - INFO - Imputed missing values in column 'Type_of_order' using method: mode
[ 2024-10-28 16:10:58,563 ] 67 root - INFO - Imputed missing values in column 'Type_of_vehicle' using method: mode
[ 2024-10-28 16:10:58,570 ] 67 root - INFO - Imputed missing values in column 'multiple_deliveries' using method: mode
[ 2024-10-28 16:10:58,576 ] 67 root - INFO - Imputed missing values in column 'Festival' using method: mode
[ 2024-10-28 16:10:58,582 ] 67 root - INFO - Imputed missing values in column 'City' using method: mode
[ 2024-10-28 16:10:58,589 ] 67 root - INFO - Imputed missing values in column 'Time_taken(min)' using method: mode
[ 2024-10-28 16:10:58,985 ] 98 root - INFO - Cleaned data saved to Artifacts\10_28_2024_16_10_53\cleaned_data\cleaned_data.csv
[ 2024-10-28 16:10:58,991 ] 98 root - INFO - Entered initiate_feature_extraction method of FeatureEngineering class
[ 2024-10-28 16:10:58,991 ] 101 root - INFO - Starting Feature Extraction
[ 2024-10-28 16:10:59,139 ] 38 root - INFO - Feature Extraction started
[ 2024-10-28 16:10:59,140 ] 39 root - INFO - <class 'pandas.core.frame.DataFrame'>
[ 2024-10-28 16:10:59,140 ] 42 root - INFO - Handeling missing values
[ 2024-10-28 16:10:59,218 ] 56 root - INFO - Values extracted sucessfully
[ 2024-10-28 16:10:59,218 ] 57 root - INFO - Data Tyepe coversition started
[ 2024-10-28 16:11:11,318 ] 60 root - INFO - Preprocessing object created successfully
[ 2024-10-28 16:11:11,997 ] 54 root - INFO - Entered the save_object method of MainUtils class
[ 2024-10-28 16:11:12,004 ] 58 root - INFO - Exited the save_object method of MainUtils class
[ 2024-10-28 16:11:12,005 ] 54 root - INFO - Entered the save_object method of MainUtils class
[ 2024-10-28 16:11:12,010 ] 58 root - INFO - Exited the save_object method of MainUtils class
