[ 2024-10-28 17:53:02,140 ] 1038 httpx - INFO - HTTP Request: GET https://dagshub.com/api/v1/user "HTTP/1.1 200 OK"
[ 2024-10-28 17:53:02,148 ] 107 dagshub - INFO - Accessing as Tafique-Hossain-khan
[ 2024-10-28 17:53:02,613 ] 1038 httpx - INFO - HTTP Request: GET https://dagshub.com/api/v1/repos/Tafique-Hossain-khan/Food-Delivery-Time-Prediction "HTTP/1.1 200 OK"
[ 2024-10-28 17:53:02,618 ] 107 dagshub - INFO - Initialized MLflow to track repo "Tafique-Hossain-khan/Food-Delivery-Time-Prediction"
[ 2024-10-28 17:53:02,620 ] 107 dagshub - INFO - Repository Tafique-Hossain-khan/Food-Delivery-Time-Prediction initialized!
[ 2024-10-28 17:53:02,739 ] 46 root - INFO - Start data Ingestion
[ 2024-10-28 17:53:03,769 ] 44 root - INFO - spliting the data into train and test
[ 2024-10-28 17:53:03,798 ] 48 root - INFO - (36474, 20)
[ 2024-10-28 17:53:03,799 ] 49 root - INFO - (9119, 20)
[ 2024-10-28 17:53:04,622 ] 57 root - INFO - Data spliting complited and saved to the respective location
[ 2024-10-28 17:53:04,629 ] 49 root - INFO - Data Ingestion completed and artifact: DataIngestionArtifact(raw_file_path='Data/ingested_data\\raw_data.csv', trained_file_path='Data/ingested_data\\train_data.csv', test_file_path='Data/ingested_data\\test_data.csv')
[ 2024-10-28 17:53:05,526 ] 67 root - INFO - Imputed missing values in column 'ID' using method: mode
[ 2024-10-28 17:53:05,538 ] 67 root - INFO - Imputed missing values in column 'Delivery_person_ID' using method: mode
[ 2024-10-28 17:53:05,549 ] 67 root - INFO - Imputed missing values in column 'Delivery_person_Age' using method: mode
[ 2024-10-28 17:53:05,561 ] 67 root - INFO - Imputed missing values in column 'Delivery_person_Ratings' using method: mode
[ 2024-10-28 17:53:05,566 ] 67 root - INFO - Imputed missing values in column 'Restaurant_latitude' using method: mode
[ 2024-10-28 17:53:05,570 ] 67 root - INFO - Imputed missing values in column 'Restaurant_longitude' using method: mode
[ 2024-10-28 17:53:05,576 ] 67 root - INFO - Imputed missing values in column 'Delivery_location_latitude' using method: mean
[ 2024-10-28 17:53:05,583 ] 67 root - INFO - Imputed missing values in column 'Delivery_location_longitude' using method: median
[ 2024-10-28 17:53:05,595 ] 67 root - INFO - Imputed missing values in column 'Order_Date' using method: mode
[ 2024-10-28 17:53:05,606 ] 67 root - INFO - Imputed missing values in column 'Time_Orderd' using method: mode
[ 2024-10-28 17:53:05,618 ] 67 root - INFO - Imputed missing values in column 'Time_Order_picked' using method: mode
[ 2024-10-28 17:53:05,629 ] 67 root - INFO - Imputed missing values in column 'Weatherconditions' using method: mode
[ 2024-10-28 17:53:05,641 ] 67 root - INFO - Imputed missing values in column 'Road_traffic_density' using method: mode
[ 2024-10-28 17:53:05,644 ] 67 root - INFO - Imputed missing values in column 'Vehicle_condition' using method: mode
[ 2024-10-28 17:53:05,656 ] 67 root - INFO - Imputed missing values in column 'Type_of_order' using method: mode
[ 2024-10-28 17:53:05,667 ] 67 root - INFO - Imputed missing values in column 'Type_of_vehicle' using method: mode
[ 2024-10-28 17:53:05,678 ] 67 root - INFO - Imputed missing values in column 'multiple_deliveries' using method: mode
[ 2024-10-28 17:53:05,690 ] 67 root - INFO - Imputed missing values in column 'Festival' using method: mode
[ 2024-10-28 17:53:05,701 ] 67 root - INFO - Imputed missing values in column 'City' using method: mode
[ 2024-10-28 17:53:05,712 ] 67 root - INFO - Imputed missing values in column 'Time_taken(min)' using method: mode
[ 2024-10-28 17:53:06,513 ] 98 root - INFO - Cleaned data saved to Artifacts\10_28_2024_17_53_00\cleaned_data\cleaned_data.csv
[ 2024-10-28 17:53:06,522 ] 98 root - INFO - Entered initiate_feature_extraction method of FeatureEngineering class
[ 2024-10-28 17:53:06,522 ] 101 root - INFO - Starting Feature Extraction
[ 2024-10-28 17:53:06,805 ] 38 root - INFO - Feature Extraction started
[ 2024-10-28 17:53:06,805 ] 39 root - INFO - <class 'pandas.core.frame.DataFrame'>
[ 2024-10-28 17:53:06,806 ] 42 root - INFO - Handeling missing values
[ 2024-10-28 17:53:06,987 ] 56 root - INFO - Values extracted sucessfully
[ 2024-10-28 17:53:06,987 ] 57 root - INFO - Data Tyepe coversition started
[ 2024-10-28 17:53:26,302 ] 60 root - INFO - Preprocessing object created successfully
[ 2024-10-28 17:53:26,712 ] 54 root - INFO - Entered the save_object method of MainUtils class
[ 2024-10-28 17:53:26,714 ] 58 root - INFO - Exited the save_object method of MainUtils class
[ 2024-10-28 17:53:26,714 ] 54 root - INFO - Entered the save_object method of MainUtils class
[ 2024-10-28 17:53:26,715 ] 58 root - INFO - Exited the save_object method of MainUtils class
