[ 2024-10-27 19:54:12,876 ] 44 root - INFO - spliting the data into train and test
[ 2024-10-27 19:54:12,885 ] 48 root - INFO - (36474, 20)
[ 2024-10-27 19:54:12,885 ] 49 root - INFO - (9119, 20)
[ 2024-10-27 19:54:13,171 ] 57 root - INFO - Data spliting complited and saved to the respective location
[ 2024-10-27 19:54:13,292 ] 66 root - INFO - Imputed missing values in column 'Unnamed: 0' using method: mean
[ 2024-10-27 19:54:13,332 ] 66 root - INFO - Imputed missing values in column 'ID' using method: mode
[ 2024-10-27 19:54:13,337 ] 66 root - INFO - Imputed missing values in column 'Delivery_person_ID' using method: mode
[ 2024-10-27 19:54:13,342 ] 66 root - INFO - Imputed missing values in column 'Delivery_person_Age' using method: mode
[ 2024-10-27 19:54:13,349 ] 66 root - INFO - Imputed missing values in column 'Delivery_person_Ratings' using method: mode
[ 2024-10-27 19:54:13,351 ] 66 root - INFO - Imputed missing values in column 'Restaurant_latitude' using method: mode
[ 2024-10-27 19:54:13,352 ] 66 root - INFO - Imputed missing values in column 'Restaurant_longitude' using method: mode
[ 2024-10-27 19:54:13,354 ] 66 root - INFO - Imputed missing values in column 'Delivery_location_latitude' using method: mean
[ 2024-10-27 19:54:13,356 ] 66 root - INFO - Imputed missing values in column 'Delivery_location_longitude' using method: median
[ 2024-10-27 19:54:13,361 ] 66 root - INFO - Imputed missing values in column 'Order_Date' using method: mode
[ 2024-10-27 19:54:13,365 ] 66 root - INFO - Imputed missing values in column 'Time_Orderd' using method: mode
[ 2024-10-27 19:54:13,369 ] 66 root - INFO - Imputed missing values in column 'Time_Order_picked' using method: mode
[ 2024-10-27 19:54:13,373 ] 66 root - INFO - Imputed missing values in column 'Weatherconditions' using method: mode
[ 2024-10-27 19:54:13,377 ] 66 root - INFO - Imputed missing values in column 'Road_traffic_density' using method: mode
[ 2024-10-27 19:54:13,378 ] 66 root - INFO - Imputed missing values in column 'Vehicle_condition' using method: mode
[ 2024-10-27 19:54:13,383 ] 66 root - INFO - Imputed missing values in column 'Type_of_order' using method: mode
[ 2024-10-27 19:54:13,387 ] 66 root - INFO - Imputed missing values in column 'Type_of_vehicle' using method: mode
[ 2024-10-27 19:54:13,391 ] 66 root - INFO - Imputed missing values in column 'multiple_deliveries' using method: mode
[ 2024-10-27 19:54:13,395 ] 66 root - INFO - Imputed missing values in column 'Festival' using method: mode
[ 2024-10-27 19:54:13,399 ] 66 root - INFO - Imputed missing values in column 'City' using method: mode
[ 2024-10-27 19:54:13,403 ] 66 root - INFO - Imputed missing values in column 'Time_taken(min)' using method: mode
[ 2024-10-27 19:54:13,686 ] 97 root - INFO - Cleaned data saved to Artifacts\10_27_2024_19_54_12\cleaned_data\cleaned_data.csv
