[ 2024-10-27 20:59:45,494 ] 44 root - INFO - spliting the data into train and test
[ 2024-10-27 20:59:45,520 ] 48 root - INFO - (36474, 20)
[ 2024-10-27 20:59:45,520 ] 49 root - INFO - (9119, 20)
[ 2024-10-27 20:59:46,351 ] 57 root - INFO - Data spliting complited and saved to the respective location
[ 2024-10-27 20:59:47,284 ] 67 root - INFO - Imputed missing values in column 'ID' using method: mode
[ 2024-10-27 20:59:47,296 ] 67 root - INFO - Imputed missing values in column 'Delivery_person_ID' using method: mode
[ 2024-10-27 20:59:47,308 ] 67 root - INFO - Imputed missing values in column 'Delivery_person_Age' using method: mode
[ 2024-10-27 20:59:47,321 ] 67 root - INFO - Imputed missing values in column 'Delivery_person_Ratings' using method: mode
[ 2024-10-27 20:59:47,328 ] 67 root - INFO - Imputed missing values in column 'Restaurant_latitude' using method: mode
[ 2024-10-27 20:59:47,332 ] 67 root - INFO - Imputed missing values in column 'Restaurant_longitude' using method: mode
[ 2024-10-27 20:59:47,337 ] 67 root - INFO - Imputed missing values in column 'Delivery_location_latitude' using method: mean
[ 2024-10-27 20:59:47,343 ] 67 root - INFO - Imputed missing values in column 'Delivery_location_longitude' using method: median
[ 2024-10-27 20:59:47,352 ] 67 root - INFO - Imputed missing values in column 'Order_Date' using method: mode
[ 2024-10-27 20:59:47,361 ] 67 root - INFO - Imputed missing values in column 'Time_Orderd' using method: mode
[ 2024-10-27 20:59:47,370 ] 67 root - INFO - Imputed missing values in column 'Time_Order_picked' using method: mode
[ 2024-10-27 20:59:47,381 ] 67 root - INFO - Imputed missing values in column 'Weatherconditions' using method: mode
[ 2024-10-27 20:59:47,393 ] 67 root - INFO - Imputed missing values in column 'Road_traffic_density' using method: mode
[ 2024-10-27 20:59:47,396 ] 67 root - INFO - Imputed missing values in column 'Vehicle_condition' using method: mode
[ 2024-10-27 20:59:47,408 ] 67 root - INFO - Imputed missing values in column 'Type_of_order' using method: mode
[ 2024-10-27 20:59:47,420 ] 67 root - INFO - Imputed missing values in column 'Type_of_vehicle' using method: mode
[ 2024-10-27 20:59:47,431 ] 67 root - INFO - Imputed missing values in column 'multiple_deliveries' using method: mode
[ 2024-10-27 20:59:47,443 ] 67 root - INFO - Imputed missing values in column 'Festival' using method: mode
[ 2024-10-27 20:59:47,454 ] 67 root - INFO - Imputed missing values in column 'City' using method: mode
[ 2024-10-27 20:59:47,465 ] 67 root - INFO - Imputed missing values in column 'Time_taken(min)' using method: mode
[ 2024-10-27 20:59:48,308 ] 98 root - INFO - Cleaned data saved to Artifacts\10_27_2024_20_59_44\cleaned_data\cleaned_data.csv
[ 2024-10-27 20:59:48,317 ] 98 root - INFO - Entered initiate_feature_extraction method of FeatureEngineering class
[ 2024-10-27 20:59:48,317 ] 101 root - INFO - Starting Feature Extraction
[ 2024-10-27 20:59:48,599 ] 38 root - INFO - Feature Extraction started
[ 2024-10-27 20:59:48,599 ] 39 root - INFO - <class 'pandas.core.frame.DataFrame'>
[ 2024-10-27 20:59:48,599 ] 42 root - INFO - Handeling missing values
[ 2024-10-27 20:59:48,792 ] 56 root - INFO - Values extracted sucessfully
[ 2024-10-27 20:59:48,792 ] 57 root - INFO - Data Tyepe coversition started
