[ 2024-10-27 19:58:00,093 ] 44 root - INFO - spliting the data into train and test
[ 2024-10-27 19:58:00,102 ] 48 root - INFO - (36474, 20)
[ 2024-10-27 19:58:00,103 ] 49 root - INFO - (9119, 20)
[ 2024-10-27 19:58:00,389 ] 57 root - INFO - Data spliting complited and saved to the respective location
[ 2024-10-27 19:58:00,516 ] 66 root - INFO - Imputed missing values in column 'Unnamed: 0' using method: mean
[ 2024-10-27 19:58:00,556 ] 66 root - INFO - Imputed missing values in column 'ID' using method: mode
[ 2024-10-27 19:58:00,560 ] 66 root - INFO - Imputed missing values in column 'Delivery_person_ID' using method: mode
[ 2024-10-27 19:58:00,564 ] 66 root - INFO - Imputed missing values in column 'Delivery_person_Age' using method: mode
[ 2024-10-27 19:58:00,568 ] 66 root - INFO - Imputed missing values in column 'Delivery_person_Ratings' using method: mode
[ 2024-10-27 19:58:00,571 ] 66 root - INFO - Imputed missing values in column 'Restaurant_latitude' using method: mode
[ 2024-10-27 19:58:00,572 ] 66 root - INFO - Imputed missing values in column 'Restaurant_longitude' using method: mode
[ 2024-10-27 19:58:00,574 ] 66 root - INFO - Imputed missing values in column 'Delivery_location_latitude' using method: mean
[ 2024-10-27 19:58:00,577 ] 66 root - INFO - Imputed missing values in column 'Delivery_location_longitude' using method: median
[ 2024-10-27 19:58:00,580 ] 66 root - INFO - Imputed missing values in column 'Order_Date' using method: mode
[ 2024-10-27 19:58:00,584 ] 66 root - INFO - Imputed missing values in column 'Time_Orderd' using method: mode
[ 2024-10-27 19:58:00,588 ] 66 root - INFO - Imputed missing values in column 'Time_Order_picked' using method: mode
[ 2024-10-27 19:58:00,592 ] 66 root - INFO - Imputed missing values in column 'Weatherconditions' using method: mode
[ 2024-10-27 19:58:00,596 ] 66 root - INFO - Imputed missing values in column 'Road_traffic_density' using method: mode
[ 2024-10-27 19:58:00,597 ] 66 root - INFO - Imputed missing values in column 'Vehicle_condition' using method: mode
[ 2024-10-27 19:58:00,603 ] 66 root - INFO - Imputed missing values in column 'Type_of_order' using method: mode
[ 2024-10-27 19:58:00,607 ] 66 root - INFO - Imputed missing values in column 'Type_of_vehicle' using method: mode
[ 2024-10-27 19:58:00,611 ] 66 root - INFO - Imputed missing values in column 'multiple_deliveries' using method: mode
[ 2024-10-27 19:58:00,615 ] 66 root - INFO - Imputed missing values in column 'Festival' using method: mode
[ 2024-10-27 19:58:00,619 ] 66 root - INFO - Imputed missing values in column 'City' using method: mode
[ 2024-10-27 19:58:00,622 ] 66 root - INFO - Imputed missing values in column 'Time_taken(min)' using method: mode
[ 2024-10-27 19:58:00,905 ] 97 root - INFO - Cleaned data saved to Artifacts\10_27_2024_19_57_59\cleaned_data\cleaned_data.csv
