[ 2024-10-28 09:12:37,343 ] 1038 httpx - INFO - HTTP Request: GET https://dagshub.com/api/v1/user "HTTP/1.1 200 OK"
[ 2024-10-28 09:12:37,350 ] 107 dagshub - INFO - Accessing as Tafique-Hossain-khan
[ 2024-10-28 09:12:37,853 ] 1038 httpx - INFO - HTTP Request: GET https://dagshub.com/api/v1/repos/Tafique-Hossain-khan/Food-Delivery-Time-Prediction "HTTP/1.1 200 OK"
[ 2024-10-28 09:12:37,857 ] 107 dagshub - INFO - Initialized MLflow to track repo "Tafique-Hossain-khan/Food-Delivery-Time-Prediction"
[ 2024-10-28 09:12:37,857 ] 107 dagshub - INFO - Repository Tafique-Hossain-khan/Food-Delivery-Time-Prediction initialized!
[ 2024-10-28 09:12:38,740 ] 44 root - INFO - spliting the data into train and test
[ 2024-10-28 09:12:38,762 ] 48 root - INFO - (36474, 20)
[ 2024-10-28 09:12:38,763 ] 49 root - INFO - (9119, 20)
[ 2024-10-28 09:12:39,402 ] 57 root - INFO - Data spliting complited and saved to the respective location
[ 2024-10-28 09:12:40,171 ] 67 root - INFO - Imputed missing values in column 'ID' using method: mode
[ 2024-10-28 09:12:40,181 ] 67 root - INFO - Imputed missing values in column 'Delivery_person_ID' using method: mode
[ 2024-10-28 09:12:40,190 ] 67 root - INFO - Imputed missing values in column 'Delivery_person_Age' using method: mode
[ 2024-10-28 09:12:40,200 ] 67 root - INFO - Imputed missing values in column 'Delivery_person_Ratings' using method: mode
[ 2024-10-28 09:12:40,204 ] 67 root - INFO - Imputed missing values in column 'Restaurant_latitude' using method: mode
[ 2024-10-28 09:12:40,207 ] 67 root - INFO - Imputed missing values in column 'Restaurant_longitude' using method: mode
[ 2024-10-28 09:12:40,212 ] 67 root - INFO - Imputed missing values in column 'Delivery_location_latitude' using method: mean
[ 2024-10-28 09:12:40,218 ] 67 root - INFO - Imputed missing values in column 'Delivery_location_longitude' using method: median
[ 2024-10-28 09:12:40,227 ] 67 root - INFO - Imputed missing values in column 'Order_Date' using method: mode
[ 2024-10-28 09:12:40,236 ] 67 root - INFO - Imputed missing values in column 'Time_Orderd' using method: mode
[ 2024-10-28 09:12:40,245 ] 67 root - INFO - Imputed missing values in column 'Time_Order_picked' using method: mode
[ 2024-10-28 09:12:40,254 ] 67 root - INFO - Imputed missing values in column 'Weatherconditions' using method: mode
[ 2024-10-28 09:12:40,264 ] 67 root - INFO - Imputed missing values in column 'Road_traffic_density' using method: mode
[ 2024-10-28 09:12:40,266 ] 67 root - INFO - Imputed missing values in column 'Vehicle_condition' using method: mode
[ 2024-10-28 09:12:40,276 ] 67 root - INFO - Imputed missing values in column 'Type_of_order' using method: mode
[ 2024-10-28 09:12:40,286 ] 67 root - INFO - Imputed missing values in column 'Type_of_vehicle' using method: mode
[ 2024-10-28 09:12:40,296 ] 67 root - INFO - Imputed missing values in column 'multiple_deliveries' using method: mode
[ 2024-10-28 09:12:40,306 ] 67 root - INFO - Imputed missing values in column 'Festival' using method: mode
[ 2024-10-28 09:12:40,316 ] 67 root - INFO - Imputed missing values in column 'City' using method: mode
[ 2024-10-28 09:12:40,325 ] 67 root - INFO - Imputed missing values in column 'Time_taken(min)' using method: mode
[ 2024-10-28 09:12:41,007 ] 98 root - INFO - Cleaned data saved to Artifacts\10_28_2024_09_12_33\cleaned_data\cleaned_data.csv
[ 2024-10-28 09:12:41,016 ] 98 root - INFO - Entered initiate_feature_extraction method of FeatureEngineering class
[ 2024-10-28 09:12:41,016 ] 101 root - INFO - Starting Feature Extraction
[ 2024-10-28 09:12:41,298 ] 38 root - INFO - Feature Extraction started
[ 2024-10-28 09:12:41,298 ] 39 root - INFO - <class 'pandas.core.frame.DataFrame'>
[ 2024-10-28 09:12:41,298 ] 42 root - INFO - Handeling missing values
[ 2024-10-28 09:12:41,492 ] 56 root - INFO - Values extracted sucessfully
[ 2024-10-28 09:12:41,492 ] 57 root - INFO - Data Tyepe coversition started
[ 2024-10-28 09:13:02,729 ] 60 root - INFO - Preprocessing object created successfully
[ 2024-10-28 09:13:03,189 ] 54 root - INFO - Entered the save_object method of MainUtils class
