[ 2024-10-27 21:00:41,035 ] 44 root - INFO - spliting the data into train and test
[ 2024-10-27 21:00:41,067 ] 48 root - INFO - (36474, 20)
[ 2024-10-27 21:00:41,068 ] 49 root - INFO - (9119, 20)
[ 2024-10-27 21:00:41,974 ] 57 root - INFO - Data spliting complited and saved to the respective location
[ 2024-10-27 21:00:42,936 ] 67 root - INFO - Imputed missing values in column 'ID' using method: mode
[ 2024-10-27 21:00:42,947 ] 67 root - INFO - Imputed missing values in column 'Delivery_person_ID' using method: mode
[ 2024-10-27 21:00:42,958 ] 67 root - INFO - Imputed missing values in column 'Delivery_person_Age' using method: mode
[ 2024-10-27 21:00:42,969 ] 67 root - INFO - Imputed missing values in column 'Delivery_person_Ratings' using method: mode
[ 2024-10-27 21:00:42,976 ] 67 root - INFO - Imputed missing values in column 'Restaurant_latitude' using method: mode
[ 2024-10-27 21:00:42,979 ] 67 root - INFO - Imputed missing values in column 'Restaurant_longitude' using method: mode
[ 2024-10-27 21:00:42,983 ] 67 root - INFO - Imputed missing values in column 'Delivery_location_latitude' using method: mean
[ 2024-10-27 21:00:42,989 ] 67 root - INFO - Imputed missing values in column 'Delivery_location_longitude' using method: median
[ 2024-10-27 21:00:42,999 ] 67 root - INFO - Imputed missing values in column 'Order_Date' using method: mode
[ 2024-10-27 21:00:43,011 ] 67 root - INFO - Imputed missing values in column 'Time_Orderd' using method: mode
[ 2024-10-27 21:00:43,022 ] 67 root - INFO - Imputed missing values in column 'Time_Order_picked' using method: mode
[ 2024-10-27 21:00:43,034 ] 67 root - INFO - Imputed missing values in column 'Weatherconditions' using method: mode
[ 2024-10-27 21:00:43,046 ] 67 root - INFO - Imputed missing values in column 'Road_traffic_density' using method: mode
[ 2024-10-27 21:00:43,050 ] 67 root - INFO - Imputed missing values in column 'Vehicle_condition' using method: mode
[ 2024-10-27 21:00:43,060 ] 67 root - INFO - Imputed missing values in column 'Type_of_order' using method: mode
[ 2024-10-27 21:00:43,070 ] 67 root - INFO - Imputed missing values in column 'Type_of_vehicle' using method: mode
[ 2024-10-27 21:00:43,079 ] 67 root - INFO - Imputed missing values in column 'multiple_deliveries' using method: mode
[ 2024-10-27 21:00:43,091 ] 67 root - INFO - Imputed missing values in column 'Festival' using method: mode
[ 2024-10-27 21:00:43,103 ] 67 root - INFO - Imputed missing values in column 'City' using method: mode
[ 2024-10-27 21:00:43,114 ] 67 root - INFO - Imputed missing values in column 'Time_taken(min)' using method: mode
[ 2024-10-27 21:00:43,969 ] 98 root - INFO - Cleaned data saved to Artifacts\10_27_2024_21_00_39\cleaned_data\cleaned_data.csv
[ 2024-10-27 21:00:43,978 ] 98 root - INFO - Entered initiate_feature_extraction method of FeatureEngineering class
[ 2024-10-27 21:00:43,978 ] 101 root - INFO - Starting Feature Extraction
[ 2024-10-27 21:00:44,283 ] 38 root - INFO - Feature Extraction started
[ 2024-10-27 21:00:44,283 ] 39 root - INFO - <class 'pandas.core.frame.DataFrame'>
[ 2024-10-27 21:00:44,284 ] 42 root - INFO - Handeling missing values
[ 2024-10-27 21:00:44,461 ] 56 root - INFO - Values extracted sucessfully
[ 2024-10-27 21:00:44,462 ] 57 root - INFO - Data Tyepe coversition started
[ 2024-10-27 21:01:06,170 ] 60 root - INFO - Preprocessing object created successfully
