[ 2024-10-27 20:13:09,558 ] 44 root - INFO - spliting the data into train and test
[ 2024-10-27 20:13:09,568 ] 48 root - INFO - (36474, 20)
[ 2024-10-27 20:13:09,568 ] 49 root - INFO - (9119, 20)
[ 2024-10-27 20:13:09,857 ] 57 root - INFO - Data spliting complited and saved to the respective location
[ 2024-10-27 20:13:10,152 ] 67 root - INFO - Imputed missing values in column 'Unnamed: 0' using method: mean
[ 2024-10-27 20:13:10,195 ] 67 root - INFO - Imputed missing values in column 'ID' using method: mode
[ 2024-10-27 20:13:10,202 ] 67 root - INFO - Imputed missing values in column 'Delivery_person_ID' using method: mode
[ 2024-10-27 20:13:10,208 ] 67 root - INFO - Imputed missing values in column 'Delivery_person_Age' using method: mode
[ 2024-10-27 20:13:10,218 ] 67 root - INFO - Imputed missing values in column 'Delivery_person_Ratings' using method: mode
[ 2024-10-27 20:13:10,222 ] 67 root - INFO - Imputed missing values in column 'Restaurant_latitude' using method: mode
[ 2024-10-27 20:13:10,224 ] 67 root - INFO - Imputed missing values in column 'Restaurant_longitude' using method: mode
[ 2024-10-27 20:13:10,227 ] 67 root - INFO - Imputed missing values in column 'Delivery_location_latitude' using method: mean
[ 2024-10-27 20:13:10,231 ] 67 root - INFO - Imputed missing values in column 'Delivery_location_longitude' using method: median
[ 2024-10-27 20:13:10,237 ] 67 root - INFO - Imputed missing values in column 'Order_Date' using method: mode
[ 2024-10-27 20:13:10,242 ] 67 root - INFO - Imputed missing values in column 'Time_Orderd' using method: mode
[ 2024-10-27 20:13:10,246 ] 67 root - INFO - Imputed missing values in column 'Time_Order_picked' using method: mode
[ 2024-10-27 20:13:10,250 ] 67 root - INFO - Imputed missing values in column 'Weatherconditions' using method: mode
[ 2024-10-27 20:13:10,254 ] 67 root - INFO - Imputed missing values in column 'Road_traffic_density' using method: mode
[ 2024-10-27 20:13:10,256 ] 67 root - INFO - Imputed missing values in column 'Vehicle_condition' using method: mode
[ 2024-10-27 20:13:10,260 ] 67 root - INFO - Imputed missing values in column 'Type_of_order' using method: mode
[ 2024-10-27 20:13:10,264 ] 67 root - INFO - Imputed missing values in column 'Type_of_vehicle' using method: mode
[ 2024-10-27 20:13:10,269 ] 67 root - INFO - Imputed missing values in column 'multiple_deliveries' using method: mode
[ 2024-10-27 20:13:10,273 ] 67 root - INFO - Imputed missing values in column 'Festival' using method: mode
[ 2024-10-27 20:13:10,277 ] 67 root - INFO - Imputed missing values in column 'City' using method: mode
[ 2024-10-27 20:13:10,281 ] 67 root - INFO - Imputed missing values in column 'Time_taken(min)' using method: mode
[ 2024-10-27 20:13:10,562 ] 98 root - INFO - Cleaned data saved to Artifacts\10_27_2024_20_13_08\cleaned_data\cleaned_data.csv
[ 2024-10-27 20:13:10,566 ] 98 root - INFO - Entered initiate_feature_extraction method of FeatureEngineering class
[ 2024-10-27 20:13:10,566 ] 101 root - INFO - Starting Feature Extraction
[ 2024-10-27 20:13:10,675 ] 38 root - INFO - Feature Extraction started
[ 2024-10-27 20:13:10,675 ] 39 root - INFO - <class 'pandas.core.frame.DataFrame'>
[ 2024-10-27 20:13:10,675 ] 42 root - INFO - Handeling missing values
[ 2024-10-27 20:13:10,737 ] 56 root - INFO - Values extracted sucessfully
[ 2024-10-27 20:13:10,737 ] 57 root - INFO - Data Tyepe coversition started
