[ 2024-10-27 20:24:12,226 ] 44 root - INFO - spliting the data into train and test
[ 2024-10-27 20:24:12,235 ] 48 root - INFO - (36474, 20)
[ 2024-10-27 20:24:12,235 ] 49 root - INFO - (9119, 20)
[ 2024-10-27 20:24:12,511 ] 57 root - INFO - Data spliting complited and saved to the respective location
[ 2024-10-27 20:24:12,846 ] 67 root - INFO - Imputed missing values in column 'ID' using method: mode
[ 2024-10-27 20:24:12,850 ] 67 root - INFO - Imputed missing values in column 'Delivery_person_ID' using method: mode
[ 2024-10-27 20:24:12,855 ] 67 root - INFO - Imputed missing values in column 'Delivery_person_Age' using method: mode
[ 2024-10-27 20:24:12,859 ] 67 root - INFO - Imputed missing values in column 'Delivery_person_Ratings' using method: mode
[ 2024-10-27 20:24:12,863 ] 67 root - INFO - Imputed missing values in column 'Restaurant_latitude' using method: mode
[ 2024-10-27 20:24:12,864 ] 67 root - INFO - Imputed missing values in column 'Restaurant_longitude' using method: mode
[ 2024-10-27 20:24:12,867 ] 67 root - INFO - Imputed missing values in column 'Delivery_location_latitude' using method: mean
[ 2024-10-27 20:24:12,870 ] 67 root - INFO - Imputed missing values in column 'Delivery_location_longitude' using method: median
[ 2024-10-27 20:24:12,874 ] 67 root - INFO - Imputed missing values in column 'Order_Date' using method: mode
[ 2024-10-27 20:24:12,878 ] 67 root - INFO - Imputed missing values in column 'Time_Orderd' using method: mode
[ 2024-10-27 20:24:12,882 ] 67 root - INFO - Imputed missing values in column 'Time_Order_picked' using method: mode
[ 2024-10-27 20:24:12,886 ] 67 root - INFO - Imputed missing values in column 'Weatherconditions' using method: mode
[ 2024-10-27 20:24:12,890 ] 67 root - INFO - Imputed missing values in column 'Road_traffic_density' using method: mode
[ 2024-10-27 20:24:12,892 ] 67 root - INFO - Imputed missing values in column 'Vehicle_condition' using method: mode
[ 2024-10-27 20:24:12,896 ] 67 root - INFO - Imputed missing values in column 'Type_of_order' using method: mode
[ 2024-10-27 20:24:12,901 ] 67 root - INFO - Imputed missing values in column 'Type_of_vehicle' using method: mode
[ 2024-10-27 20:24:12,905 ] 67 root - INFO - Imputed missing values in column 'multiple_deliveries' using method: mode
[ 2024-10-27 20:24:12,909 ] 67 root - INFO - Imputed missing values in column 'Festival' using method: mode
[ 2024-10-27 20:24:12,913 ] 67 root - INFO - Imputed missing values in column 'City' using method: mode
[ 2024-10-27 20:24:12,917 ] 67 root - INFO - Imputed missing values in column 'Time_taken(min)' using method: mode
[ 2024-10-27 20:24:13,192 ] 98 root - INFO - Cleaned data saved to Artifacts\10_27_2024_20_24_11\cleaned_data\cleaned_data.csv
[ 2024-10-27 20:24:13,196 ] 98 root - INFO - Entered initiate_feature_extraction method of FeatureEngineering class
[ 2024-10-27 20:24:13,196 ] 101 root - INFO - Starting Feature Extraction
[ 2024-10-27 20:24:13,310 ] 38 root - INFO - Feature Extraction started
[ 2024-10-27 20:24:13,311 ] 39 root - INFO - <class 'pandas.core.frame.DataFrame'>
[ 2024-10-27 20:24:13,311 ] 42 root - INFO - Handeling missing values
[ 2024-10-27 20:24:13,373 ] 56 root - INFO - Values extracted sucessfully
[ 2024-10-27 20:24:13,373 ] 57 root - INFO - Data Tyepe coversition started
