[ 2024-10-27 20:14:58,139 ] 44 root - INFO - spliting the data into train and test
[ 2024-10-27 20:14:58,149 ] 48 root - INFO - (36474, 20)
[ 2024-10-27 20:14:58,149 ] 49 root - INFO - (9119, 20)
[ 2024-10-27 20:14:58,436 ] 57 root - INFO - Data spliting complited and saved to the respective location
[ 2024-10-27 20:14:58,741 ] 67 root - INFO - Imputed missing values in column 'Unnamed: 0' using method: mean
[ 2024-10-27 20:14:58,780 ] 67 root - INFO - Imputed missing values in column 'ID' using method: mode
[ 2024-10-27 20:14:58,785 ] 67 root - INFO - Imputed missing values in column 'Delivery_person_ID' using method: mode
[ 2024-10-27 20:14:58,789 ] 67 root - INFO - Imputed missing values in column 'Delivery_person_Age' using method: mode
[ 2024-10-27 20:14:58,795 ] 67 root - INFO - Imputed missing values in column 'Delivery_person_Ratings' using method: mode
[ 2024-10-27 20:14:58,797 ] 67 root - INFO - Imputed missing values in column 'Restaurant_latitude' using method: mode
[ 2024-10-27 20:14:58,799 ] 67 root - INFO - Imputed missing values in column 'Restaurant_longitude' using method: mode
[ 2024-10-27 20:14:58,800 ] 67 root - INFO - Imputed missing values in column 'Delivery_location_latitude' using method: mean
[ 2024-10-27 20:14:58,803 ] 67 root - INFO - Imputed missing values in column 'Delivery_location_longitude' using method: median
[ 2024-10-27 20:14:58,807 ] 67 root - INFO - Imputed missing values in column 'Order_Date' using method: mode
[ 2024-10-27 20:14:58,811 ] 67 root - INFO - Imputed missing values in column 'Time_Orderd' using method: mode
[ 2024-10-27 20:14:58,815 ] 67 root - INFO - Imputed missing values in column 'Time_Order_picked' using method: mode
[ 2024-10-27 20:14:58,820 ] 67 root - INFO - Imputed missing values in column 'Weatherconditions' using method: mode
[ 2024-10-27 20:14:58,824 ] 67 root - INFO - Imputed missing values in column 'Road_traffic_density' using method: mode
[ 2024-10-27 20:14:58,826 ] 67 root - INFO - Imputed missing values in column 'Vehicle_condition' using method: mode
[ 2024-10-27 20:14:58,830 ] 67 root - INFO - Imputed missing values in column 'Type_of_order' using method: mode
[ 2024-10-27 20:14:58,835 ] 67 root - INFO - Imputed missing values in column 'Type_of_vehicle' using method: mode
[ 2024-10-27 20:14:58,839 ] 67 root - INFO - Imputed missing values in column 'multiple_deliveries' using method: mode
[ 2024-10-27 20:14:58,843 ] 67 root - INFO - Imputed missing values in column 'Festival' using method: mode
[ 2024-10-27 20:14:58,848 ] 67 root - INFO - Imputed missing values in column 'City' using method: mode
[ 2024-10-27 20:14:58,852 ] 67 root - INFO - Imputed missing values in column 'Time_taken(min)' using method: mode
[ 2024-10-27 20:14:59,140 ] 98 root - INFO - Cleaned data saved to Artifacts\10_27_2024_20_14_57\cleaned_data\cleaned_data.csv
[ 2024-10-27 20:14:59,144 ] 98 root - INFO - Entered initiate_feature_extraction method of FeatureEngineering class
[ 2024-10-27 20:14:59,144 ] 101 root - INFO - Starting Feature Extraction
[ 2024-10-27 20:14:59,253 ] 38 root - INFO - Feature Extraction started
[ 2024-10-27 20:14:59,253 ] 39 root - INFO - <class 'pandas.core.frame.DataFrame'>
[ 2024-10-27 20:14:59,253 ] 42 root - INFO - Handeling missing values
[ 2024-10-27 20:14:59,316 ] 56 root - INFO - Values extracted sucessfully
[ 2024-10-27 20:14:59,316 ] 57 root - INFO - Data Tyepe coversition started
